(c) Copyright IBM Corporation 1993,2007
Command Line Processor for DB2 Client 11.5.8.0

You can issue database manager commands and SQL statements from the command 
prompt. For example:
    db2 => connect to sample
    db2 => bind sample.bnd

For general help, type: ?.
For command help, type: ? command, where command can be
the first few keywords of a database manager command. For example:
 ? CATALOG DATABASE for help on the CATALOG DATABASE command
 ? CATALOG          for help on all of the CATALOG commands.

To exit db2 interactive mode, type QUIT at the command prompt. Outside 
interactive mode, all commands must be prefixed with 'db2'.
To list the current command option settings, type LIST COMMAND OPTIONS.

For more detailed help, refer to the Online Reference Manual.

db2 => db2 => db2 => db2 => db2 => CONNECT TO cs421

   Database Connection Information

 Database server        = DB2/LINUXX8664 11.5.8.0
 SQL authorization ID   = CS421G20...
 Local database alias   = CS421


db2 => db2 => db2 => db2 => db2 => db2 => db2 => db2 => db2 (cont.) => db2 (cont.) => db2 (cont.) => db2 (cont.) => CREATE TABLE PEOPLE( id INTEGER NOT NULL PRIMARY KEY, name VARCHAR(30), dob DATE )
DB20000I  The SQL command completed successfully.

db2 => db2 => db2 (cont.) => db2 (cont.) => db2 (cont.) => db2 (cont.) => db2 (cont.) => db2 (cont.) => CREATE TABLE REFEREES( rid INTEGER NOT NULL, experience INTEGER, country VARCHAR(30), PRIMARY KEY(rid), FOREIGN KEY(rid) REFERENCES PEOPLE(id) )
DB20000I  The SQL command completed successfully.

db2 => db2 => db2 (cont.) => db2 (cont.) => db2 (cont.) => db2 (cont.) => db2 (cont.) => CREATE TABLE TEAMS( nassociation VARCHAR(60) NOT NULL PRIMARY KEY, url VARCHAR(90), country VARCHAR(30) NOT NULL, squad VARCHAR(30) NOT NULL )
DB20000I  The SQL command completed successfully.

db2 => db2 => db2 => db2 (cont.) => db2 (cont.) => db2 (cont.) => db2 (cont.) => db2 (cont.) => db2 (cont.) => db2 (cont.) => db2 (cont.) => CREATE TABLE PLAYERS( pid INTEGER NOT NULL, shirtno INTEGER NOT NULL, position VARCHAR(50), nassociation VARCHAR(60) NOT NULL, PRIMARY KEY(pid), FOREIGN KEY(pid) REFERENCES PEOPLE(id), FOREIGN KEY(nassociation) REFERENCES TEAMS )
DB20000I  The SQL command completed successfully.

db2 => db2 => db2 => db2 (cont.) => db2 (cont.) => db2 (cont.) => db2 (cont.) => db2 (cont.) => CREATE TABLE COACHES( cid INTEGER NOT NULL PRIMARY KEY, role VARCHAR(30), nassociation VARCHAR(60) NOT NULL REFERENCES TEAMS, FOREIGN KEY(cid) REFERENCES PEOPLE )
DB20000I  The SQL command completed successfully.

db2 => db2 => db2 => db2 (cont.) => db2 (cont.) => db2 (cont.) => db2 (cont.) => CREATE TABLE STADIUM( sname VARCHAR(60) NOT NULL PRIMARY KEY, location VARCHAR(60) NOT NULL, capacity INTEGER NOT NULL )
DB20000I  The SQL command completed successfully.

db2 => db2 => db2 => db2 (cont.) => db2 (cont.) => db2 (cont.) => db2 (cont.) => db2 (cont.) => db2 (cont.) => db2 (cont.) => db2 (cont.) => CREATE TABLE MATCH( mid INTEGER NOT NULL PRIMARY KEY, date DATE, /*CONSTRAINT check_match_date CHECK (date BETWEEN '2022-11-20' AND '2022-12-18'),*/ time TIME NOT NULL, duration INTEGER, roundno VARCHAR(30), name VARCHAR(60) REFERENCES STADIUM )
DB20000I  The SQL command completed successfully.

db2 => db2 => db2 (cont.) => db2 (cont.) => db2 (cont.) => db2 (cont.) => db2 (cont.) => CREATE TABLE INVOLVES( nassociation1 VARCHAR(60) REFERENCES TEAMS(nassociation), nassociation2 VARCHAR(60) REFERENCES TEAMS(nassociation), mid INTEGER NOT NULL PRIMARY KEY REFERENCES MATCH, CHECK ( NOT nassociation1 = nassociation2 ) )
DB20000I  The SQL command completed successfully.

db2 => db2 => db2 => db2 => db2 => db2 => db2 (cont.) => db2 (cont.) => db2 (cont.) => db2 (cont.) => db2 (cont.) => db2 (cont.) => db2 (cont.) => CREATE TABLE GOALS( minute INTEGER NOT NULL, mid INTEGER NOT NULL, occurence INTEGER NOT NULL, penalty BOOLEAN NOT NULL, PRIMARY KEY(minute, mid), FOREIGN KEY(mid) REFERENCES MATCH )
DB20000I  The SQL command completed successfully.

db2 => db2 => db2 => db2 (cont.) => db2 (cont.) => db2 (cont.) => db2 (cont.) => db2 (cont.) => db2 (cont.) => db2 (cont.) => CREATE TABLE PSCORE( minute INTEGER NOT NULL, mid INTEGER NOT NULL, pid INTEGER NOT NULL, PRIMARY KEY(minute, mid), FOREIGN KEY(mid) REFERENCES MATCH, FOREIGN KEY(pid) REFERENCES PLAYERS )
DB20000I  The SQL command completed successfully.

db2 => db2 => db2 => db2 (cont.) => db2 (cont.) => db2 (cont.) => db2 (cont.) => db2 (cont.) => CREATE TABLE TSCORE( minute INTEGER NOT NULL, mid INTEGER NOT NULL REFERENCES MATCH, nassociation VARCHAR(60) NOT NULL REFERENCES TEAMS, PRIMARY KEY(minute, mid) )
DB20000I  The SQL command completed successfully.

db2 => db2 => db2 (cont.) => db2 (cont.) => db2 (cont.) => CREATE TABLE CUSTOMER( email VARCHAR(60) NOT NULL PRIMARY KEY, password VARCHAR(60) NOT NULL )
DB20000I  The SQL command completed successfully.

db2 => db2 => db2 => db2 (cont.) => db2 (cont.) => db2 (cont.) => db2 (cont.) => db2 (cont.) => CREATE TABLE PAYMENT( payid INTEGER NOT NULL PRIMARY KEY, card VARCHAR(20) NOT NULL, total INTEGER NOT NULL, email VARCHAR(60) NOT NULL REFERENCES CUSTOMER )
DB20000I  The SQL command completed successfully.

db2 => db2 => db2 (cont.) => db2 (cont.) => db2 (cont.) => db2 (cont.) => db2 (cont.) => CREATE TABLE TICKET( seatid INTEGER NOT NULL, mid INTEGER NOT NULL REFERENCES MATCH, price DECIMAL(6,2) NOT NULL, PRIMARY KEY(seatid, mid) )
DB20000I  The SQL command completed successfully.

db2 => db2 => db2 => db2 (cont.) => db2 (cont.) => db2 (cont.) => db2 (cont.) => db2 (cont.) => db2 (cont.) => db2 (cont.) => db2 (cont.) => CREATE TABLE PAYFORTICKET( seatid INTEGER NOT NULL, mid INTEGER NOT NULL, payid INTEGER REFERENCES PAYMENT, quantity INTEGER, PRIMARY KEY(seatid, mid), FOREIGN KEY(seatid, mid) REFERENCES TICKET, FOREIGN KEY(mid) REFERENCES MATCH )
DB20000I  The SQL command completed successfully.

db2 => db2 => db2 => db2 (cont.) => db2 (cont.) => db2 (cont.) => db2 (cont.) => db2 (cont.) => CREATE TABLE ASSIGNED( rid INTEGER NOT NULL REFERENCES REFEREES, mid INTEGER NOT NULL REFERENCES MATCH, role VARCHAR(30), PRIMARY KEY(rid, mid) )
DB20000I  The SQL command completed successfully.

db2 => db2 => db2 => db2 (cont.) => db2 (cont.) => db2 (cont.) => db2 (cont.) => db2 (cont.) => db2 (cont.) => db2 (cont.) => db2 (cont.) => db2 (cont.) => db2 (cont.) => CREATE TABLE PLAYED( pid INTEGER NOT NULL REFERENCES PLAYERS, mid INTEGER NOT NULL REFERENCES MATCH, minentered INTEGER, minleft INTEGER, CHECK (minentered < minleft), yellowcards INTEGER, redcard INTEGER, position VARCHAR(50), PRIMARY KEY(pid, mid) )
DB20000I  The SQL command completed successfully.

db2 => 