23/04/09 13:39:12 INFO pig.ExecTypeProvider: Trying ExecType : LOCAL
23/04/09 13:39:12 INFO pig.ExecTypeProvider: Trying ExecType : MAPREDUCE
23/04/09 13:39:12 INFO pig.ExecTypeProvider: Picked MAPREDUCE as the ExecType
2023-04-09 13:39:12,948 [main] INFO  org.apache.pig.Main - Apache Pig version 0.15.0 (r1682971) compiled Jun 01 2015, 11:44:35
2023-04-09 13:39:12,948 [main] INFO  org.apache.pig.Main - Logging error messages to: /home/cs421g200/pig_1681061952947.log
2023-04-09 13:39:13,472 [main] INFO  org.apache.pig.impl.util.Utils - Default bootup file /home/cs421g200/.pigbootup not found
2023-04-09 13:39:13,581 [main] INFO  org.apache.hadoop.conf.Configuration.deprecation - mapred.job.tracker is deprecated. Instead, use mapreduce.jobtracker.address
2023-04-09 13:39:13,581 [main] INFO  org.apache.hadoop.conf.Configuration.deprecation - fs.default.name is deprecated. Instead, use fs.defaultFS
2023-04-09 13:39:13,581 [main] INFO  org.apache.pig.backend.hadoop.executionengine.HExecutionEngine - Connecting to hadoop file system at: hdfs://winter2023-comp421-1.cs.mcgill.ca:9000
2023-04-09 13:39:14,563 [main] INFO  org.apache.hadoop.conf.Configuration.deprecation - fs.default.name is deprecated. Instead, use fs.defaultFS
2023-04-09 13:39:14,656 [main] INFO  org.apache.hadoop.conf.Configuration.deprecation - fs.default.name is deprecated. Instead, use fs.defaultFS
2023-04-09 13:39:14,817 [main] INFO  org.apache.pig.tools.pigstats.ScriptState - Pig features used in the script: HASH_JOIN,GROUP_BY,ORDER_BY,FILTER
2023-04-09 13:39:14,849 [main] INFO  org.apache.hadoop.conf.Configuration.deprecation - fs.default.name is deprecated. Instead, use fs.defaultFS
2023-04-09 13:39:14,852 [main] INFO  org.apache.pig.data.SchemaTupleBackend - Key [pig.schematuple] was not set... will not generate code.
2023-04-09 13:39:14,880 [main] INFO  org.apache.pig.newplan.logical.optimizer.LogicalPlanOptimizer - {RULES_ENABLED=[AddForEach, ColumnMapKeyPrune, ConstantCalculator, GroupByConstParallelSetter, LimitOptimizer, LoadTypeCastInserter, MergeFilter, MergeForEach, PartitionFilterOptimizer, PredicatePushdownOptimizer, PushDownForEachFlatten, PushUpFilter, SplitFilter, StreamTypeCastInserter]}
2023-04-09 13:39:14,999 [main] INFO  org.apache.pig.backend.hadoop.executionengine.mapReduceLayer.MRCompiler - File concatenation threshold: 100 optimistic? false
2023-04-09 13:39:15,027 [main] INFO  org.apache.pig.backend.hadoop.executionengine.util.CombinerOptimizerUtil - Choosing to move algebraic foreach to combiner
2023-04-09 13:39:15,043 [main] INFO  org.apache.pig.backend.hadoop.executionengine.mapReduceLayer.SecondaryKeyOptimizerMR - Using Secondary Key Optimization for MapReduce node scope-67
2023-04-09 13:39:15,049 [main] INFO  org.apache.pig.backend.hadoop.executionengine.mapReduceLayer.MRCompiler$LastInputStreamingOptimizer - Rewrite: POPackage->POForEach to POPackage(JoinPackager)
2023-04-09 13:39:15,055 [main] INFO  org.apache.pig.backend.hadoop.executionengine.mapReduceLayer.MultiQueryOptimizer - MR plan size before optimization: 4
2023-04-09 13:39:15,056 [main] INFO  org.apache.pig.backend.hadoop.executionengine.mapReduceLayer.MultiQueryOptimizer - MR plan size after optimization: 4
2023-04-09 13:39:15,086 [main] INFO  org.apache.hadoop.conf.Configuration.deprecation - fs.default.name is deprecated. Instead, use fs.defaultFS
2023-04-09 13:39:15,123 [main] INFO  org.apache.hadoop.yarn.client.RMProxy - Connecting to ResourceManager at winter2023-comp421-1.cs.mcgill.ca/132.206.51.211:8032
2023-04-09 13:39:15,337 [main] INFO  org.apache.pig.tools.pigstats.mapreduce.MRScriptState - Pig script settings are added to the job
2023-04-09 13:39:15,342 [main] INFO  org.apache.hadoop.conf.Configuration.deprecation - mapred.job.reduce.markreset.buffer.percent is deprecated. Instead, use mapreduce.reduce.markreset.buffer.percent
2023-04-09 13:39:15,342 [main] INFO  org.apache.pig.backend.hadoop.executionengine.mapReduceLayer.JobControlCompiler - mapred.job.reduce.markreset.buffer.percent is not set, set to default 0.3
2023-04-09 13:39:15,342 [main] INFO  org.apache.hadoop.conf.Configuration.deprecation - mapred.output.compress is deprecated. Instead, use mapreduce.output.fileoutputformat.compress
2023-04-09 13:39:15,344 [main] INFO  org.apache.pig.backend.hadoop.executionengine.mapReduceLayer.JobControlCompiler - Reduce phase detected, estimating # of required reducers.
2023-04-09 13:39:15,345 [main] INFO  org.apache.pig.backend.hadoop.executionengine.mapReduceLayer.JobControlCompiler - Using reducer estimator: org.apache.pig.backend.hadoop.executionengine.mapReduceLayer.InputSizeReducerEstimator
2023-04-09 13:39:15,353 [main] INFO  org.apache.pig.backend.hadoop.executionengine.mapReduceLayer.InputSizeReducerEstimator - BytesPerReducer=1000000000 maxReducers=999 totalInputFileSize=564841
2023-04-09 13:39:15,353 [main] INFO  org.apache.pig.backend.hadoop.executionengine.mapReduceLayer.JobControlCompiler - Setting Parallelism to 1
2023-04-09 13:39:15,354 [main] INFO  org.apache.hadoop.conf.Configuration.deprecation - mapred.reduce.tasks is deprecated. Instead, use mapreduce.job.reduces
2023-04-09 13:39:15,354 [main] INFO  org.apache.pig.backend.hadoop.executionengine.mapReduceLayer.JobControlCompiler - This job cannot be converted run in-process
2023-04-09 13:39:15,617 [main] INFO  org.apache.pig.backend.hadoop.executionengine.mapReduceLayer.JobControlCompiler - Added jar file:/data/cs421/softwares/apache/pig-0.15.0/pig-0.15.0-core-h2.jar to DistributedCache through /tmp/temp1928667032/tmp1824801768/pig-0.15.0-core-h2.jar
2023-04-09 13:39:15,636 [main] INFO  org.apache.pig.backend.hadoop.executionengine.mapReduceLayer.JobControlCompiler - Added jar file:/data/cs421/softwares/apache/pig-0.15.0/lib/automaton-1.11-8.jar to DistributedCache through /tmp/temp1928667032/tmp-2008747948/automaton-1.11-8.jar
2023-04-09 13:39:15,652 [main] INFO  org.apache.pig.backend.hadoop.executionengine.mapReduceLayer.JobControlCompiler - Added jar file:/data/cs421/softwares/apache/pig-0.15.0/lib/antlr-runtime-3.4.jar to DistributedCache through /tmp/temp1928667032/tmp480656475/antlr-runtime-3.4.jar
2023-04-09 13:39:15,674 [main] INFO  org.apache.pig.backend.hadoop.executionengine.mapReduceLayer.JobControlCompiler - Added jar file:/data/cs421/softwares/apache/pig-0.15.0/lib/joda-time-2.5.jar to DistributedCache through /tmp/temp1928667032/tmp-1120499983/joda-time-2.5.jar
2023-04-09 13:39:15,702 [main] INFO  org.apache.pig.backend.hadoop.executionengine.mapReduceLayer.JobControlCompiler - Setting up single store job
2023-04-09 13:39:15,707 [main] INFO  org.apache.pig.data.SchemaTupleFrontend - Key [pig.schematuple] is false, will not generate code.
2023-04-09 13:39:15,707 [main] INFO  org.apache.pig.data.SchemaTupleFrontend - Starting process to move generated code to distributed cacche
2023-04-09 13:39:15,707 [main] INFO  org.apache.pig.data.SchemaTupleFrontend - Setting key [pig.schematuple.classes] with classes to deserialize []
2023-04-09 13:39:15,776 [main] INFO  org.apache.pig.backend.hadoop.executionengine.mapReduceLayer.MapReduceLauncher - 1 map-reduce job(s) waiting for submission.
2023-04-09 13:39:15,777 [main] INFO  org.apache.hadoop.conf.Configuration.deprecation - mapred.job.tracker.http.address is deprecated. Instead, use mapreduce.jobtracker.http.address
2023-04-09 13:39:15,783 [JobControl] INFO  org.apache.hadoop.yarn.client.RMProxy - Connecting to ResourceManager at winter2023-comp421-1.cs.mcgill.ca/132.206.51.211:8032
2023-04-09 13:39:15,797 [JobControl] INFO  org.apache.hadoop.conf.Configuration.deprecation - fs.default.name is deprecated. Instead, use fs.defaultFS
2023-04-09 13:39:15,886 [JobControl] WARN  org.apache.hadoop.mapreduce.JobResourceUploader - No job jar file set.  User classes may not be found. See Job or Job#setJar(String).
2023-04-09 13:39:15,924 [JobControl] INFO  org.apache.hadoop.mapreduce.lib.input.FileInputFormat - Total input paths to process : 1
2023-04-09 13:39:15,925 [JobControl] INFO  org.apache.pig.backend.hadoop.executionengine.util.MapRedUtil - Total input paths to process : 1
2023-04-09 13:39:15,943 [JobControl] INFO  org.apache.pig.backend.hadoop.executionengine.util.MapRedUtil - Total input paths (combined) to process : 1
2023-04-09 13:39:15,948 [JobControl] INFO  org.apache.hadoop.mapreduce.lib.input.FileInputFormat - Total input paths to process : 1
2023-04-09 13:39:15,948 [JobControl] INFO  org.apache.pig.backend.hadoop.executionengine.util.MapRedUtil - Total input paths to process : 1
2023-04-09 13:39:15,950 [JobControl] INFO  org.apache.pig.backend.hadoop.executionengine.util.MapRedUtil - Total input paths (combined) to process : 1
2023-04-09 13:39:16,003 [JobControl] INFO  org.apache.hadoop.mapreduce.JobSubmitter - number of splits:2
2023-04-09 13:39:16,125 [JobControl] INFO  org.apache.hadoop.mapreduce.JobSubmitter - Submitting tokens for job: job_1680986559159_2416
2023-04-09 13:39:16,259 [JobControl] INFO  org.apache.hadoop.mapred.YARNRunner - Job jar is not present. Not adding any jar to the list of resources.
2023-04-09 13:39:16,333 [JobControl] INFO  org.apache.hadoop.yarn.client.api.impl.YarnClientImpl - Submitted application application_1680986559159_2416
2023-04-09 13:39:16,380 [JobControl] INFO  org.apache.hadoop.mapreduce.Job - The url to track the job: http://winter2023-comp421-1.cs.mcgill.ca:8088/proxy/application_1680986559159_2416/
2023-04-09 13:39:16,380 [main] INFO  org.apache.pig.backend.hadoop.executionengine.mapReduceLayer.MapReduceLauncher - HadoopJobId: job_1680986559159_2416
2023-04-09 13:39:16,380 [main] INFO  org.apache.pig.backend.hadoop.executionengine.mapReduceLayer.MapReduceLauncher - Processing aliases filtered,genres,joined,movies
2023-04-09 13:39:16,380 [main] INFO  org.apache.pig.backend.hadoop.executionengine.mapReduceLayer.MapReduceLauncher - detailed locations: M: genres[5,9],genres[-1,-1],joined[7,9],movies[1,9],movies[-1,-1],filtered[3,11],joined[7,9] C:  R: 
2023-04-09 13:39:16,388 [main] INFO  org.apache.pig.backend.hadoop.executionengine.mapReduceLayer.MapReduceLauncher - 0% complete
2023-04-09 13:39:16,388 [main] INFO  org.apache.pig.backend.hadoop.executionengine.mapReduceLayer.MapReduceLauncher - Running jobs are [job_1680986559159_2416]
2023-04-09 13:39:36,044 [JobControl] INFO  org.apache.hadoop.mapred.ClientServiceDelegate - Application state is completed. FinalApplicationStatus=SUCCEEDED. Redirecting to job history server
2023-04-09 13:39:36,075 [main] INFO  org.apache.pig.backend.hadoop.executionengine.mapReduceLayer.MapReduceLauncher - 25% complete
2023-04-09 13:39:36,081 [main] INFO  org.apache.hadoop.yarn.client.RMProxy - Connecting to ResourceManager at winter2023-comp421-1.cs.mcgill.ca/132.206.51.211:8032
2023-04-09 13:39:36,086 [main] INFO  org.apache.hadoop.mapred.ClientServiceDelegate - Application state is completed. FinalApplicationStatus=SUCCEEDED. Redirecting to job history server
2023-04-09 13:39:36,235 [main] INFO  org.apache.hadoop.yarn.client.RMProxy - Connecting to ResourceManager at winter2023-comp421-1.cs.mcgill.ca/132.206.51.211:8032
2023-04-09 13:39:36,239 [main] INFO  org.apache.hadoop.mapred.ClientServiceDelegate - Application state is completed. FinalApplicationStatus=SUCCEEDED. Redirecting to job history server
2023-04-09 13:39:36,299 [main] INFO  org.apache.hadoop.yarn.client.RMProxy - Connecting to ResourceManager at winter2023-comp421-1.cs.mcgill.ca/132.206.51.211:8032
2023-04-09 13:39:36,303 [main] INFO  org.apache.hadoop.mapred.ClientServiceDelegate - Application state is completed. FinalApplicationStatus=SUCCEEDED. Redirecting to job history server
2023-04-09 13:39:36,354 [main] INFO  org.apache.pig.tools.pigstats.mapreduce.MRScriptState - Pig script settings are added to the job
2023-04-09 13:39:36,355 [main] INFO  org.apache.pig.backend.hadoop.executionengine.mapReduceLayer.JobControlCompiler - mapred.job.reduce.markreset.buffer.percent is not set, set to default 0.3
2023-04-09 13:39:36,355 [main] INFO  org.apache.pig.backend.hadoop.executionengine.mapReduceLayer.JobControlCompiler - Reduce phase detected, estimating # of required reducers.
2023-04-09 13:39:36,355 [main] INFO  org.apache.pig.backend.hadoop.executionengine.mapReduceLayer.JobControlCompiler - Using reducer estimator: org.apache.pig.backend.hadoop.executionengine.mapReduceLayer.InputSizeReducerEstimator
2023-04-09 13:39:36,378 [main] INFO  org.apache.pig.backend.hadoop.executionengine.mapReduceLayer.InputSizeReducerEstimator - BytesPerReducer=1000000000 maxReducers=999 totalInputFileSize=24387
2023-04-09 13:39:36,378 [main] INFO  org.apache.pig.backend.hadoop.executionengine.mapReduceLayer.JobControlCompiler - Setting Parallelism to 1
2023-04-09 13:39:36,378 [main] INFO  org.apache.pig.backend.hadoop.executionengine.mapReduceLayer.JobControlCompiler - This job cannot be converted run in-process
2023-04-09 13:39:36,454 [main] INFO  org.apache.pig.backend.hadoop.executionengine.mapReduceLayer.JobControlCompiler - Added jar file:/data/cs421/softwares/apache/pig-0.15.0/pig-0.15.0-core-h2.jar to DistributedCache through /tmp/temp1928667032/tmp1029221036/pig-0.15.0-core-h2.jar
2023-04-09 13:39:36,472 [main] INFO  org.apache.pig.backend.hadoop.executionengine.mapReduceLayer.JobControlCompiler - Added jar file:/data/cs421/softwares/apache/pig-0.15.0/lib/automaton-1.11-8.jar to DistributedCache through /tmp/temp1928667032/tmp-731517570/automaton-1.11-8.jar
2023-04-09 13:39:36,491 [main] INFO  org.apache.pig.backend.hadoop.executionengine.mapReduceLayer.JobControlCompiler - Added jar file:/data/cs421/softwares/apache/pig-0.15.0/lib/antlr-runtime-3.4.jar to DistributedCache through /tmp/temp1928667032/tmp246966087/antlr-runtime-3.4.jar
2023-04-09 13:39:36,514 [main] INFO  org.apache.pig.backend.hadoop.executionengine.mapReduceLayer.JobControlCompiler - Added jar file:/data/cs421/softwares/apache/pig-0.15.0/lib/joda-time-2.5.jar to DistributedCache through /tmp/temp1928667032/tmp540725912/joda-time-2.5.jar
2023-04-09 13:39:36,524 [main] INFO  org.apache.pig.backend.hadoop.executionengine.mapReduceLayer.JobControlCompiler - Setting up single store job
2023-04-09 13:39:36,524 [main] INFO  org.apache.pig.data.SchemaTupleFrontend - Key [pig.schematuple] is false, will not generate code.
2023-04-09 13:39:36,524 [main] INFO  org.apache.pig.data.SchemaTupleFrontend - Starting process to move generated code to distributed cacche
2023-04-09 13:39:36,525 [main] INFO  org.apache.pig.data.SchemaTupleFrontend - Setting key [pig.schematuple.classes] with classes to deserialize []
2023-04-09 13:39:36,545 [main] INFO  org.apache.pig.backend.hadoop.executionengine.mapReduceLayer.MapReduceLauncher - 1 map-reduce job(s) waiting for submission.
2023-04-09 13:39:36,549 [JobControl] INFO  org.apache.hadoop.yarn.client.RMProxy - Connecting to ResourceManager at winter2023-comp421-1.cs.mcgill.ca/132.206.51.211:8032
2023-04-09 13:39:36,556 [JobControl] INFO  org.apache.hadoop.conf.Configuration.deprecation - fs.default.name is deprecated. Instead, use fs.defaultFS
2023-04-09 13:39:36,565 [JobControl] WARN  org.apache.hadoop.mapreduce.JobResourceUploader - No job jar file set.  User classes may not be found. See Job or Job#setJar(String).
2023-04-09 13:39:36,591 [JobControl] INFO  org.apache.hadoop.mapreduce.lib.input.FileInputFormat - Total input paths to process : 1
2023-04-09 13:39:36,591 [JobControl] INFO  org.apache.pig.backend.hadoop.executionengine.util.MapRedUtil - Total input paths to process : 1
2023-04-09 13:39:36,591 [JobControl] INFO  org.apache.pig.backend.hadoop.executionengine.util.MapRedUtil - Total input paths (combined) to process : 1
2023-04-09 13:39:36,627 [JobControl] INFO  org.apache.hadoop.mapreduce.JobSubmitter - number of splits:1
2023-04-09 13:39:36,675 [JobControl] INFO  org.apache.hadoop.mapreduce.JobSubmitter - Submitting tokens for job: job_1680986559159_2418
2023-04-09 13:39:36,679 [JobControl] INFO  org.apache.hadoop.mapred.YARNRunner - Job jar is not present. Not adding any jar to the list of resources.
2023-04-09 13:39:36,708 [JobControl] INFO  org.apache.hadoop.yarn.client.api.impl.YarnClientImpl - Submitted application application_1680986559159_2418
2023-04-09 13:39:36,711 [JobControl] INFO  org.apache.hadoop.mapreduce.Job - The url to track the job: http://winter2023-comp421-1.cs.mcgill.ca:8088/proxy/application_1680986559159_2418/
2023-04-09 13:39:37,047 [main] INFO  org.apache.pig.backend.hadoop.executionengine.mapReduceLayer.MapReduceLauncher - HadoopJobId: job_1680986559159_2418
2023-04-09 13:39:37,047 [main] INFO  org.apache.pig.backend.hadoop.executionengine.mapReduceLayer.MapReduceLauncher - Processing aliases Grpd1,projection
2023-04-09 13:39:37,047 [main] INFO  org.apache.pig.backend.hadoop.executionengine.mapReduceLayer.MapReduceLauncher - detailed locations: M: projection[11,13],Grpd1[9,8] C: projection[11,13],Grpd1[9,8] R: projection[11,13]
2023-04-09 13:39:55,538 [main] INFO  org.apache.hadoop.mapred.ClientServiceDelegate - Application state is completed. FinalApplicationStatus=SUCCEEDED. Redirecting to job history server
2023-04-09 13:39:55,555 [main] INFO  org.apache.pig.backend.hadoop.executionengine.mapReduceLayer.MapReduceLauncher - 50% complete
2023-04-09 13:39:55,576 [main] INFO  org.apache.hadoop.yarn.client.RMProxy - Connecting to ResourceManager at winter2023-comp421-1.cs.mcgill.ca/132.206.51.211:8032
2023-04-09 13:39:55,588 [main] INFO  org.apache.hadoop.mapred.ClientServiceDelegate - Application state is completed. FinalApplicationStatus=SUCCEEDED. Redirecting to job history server
2023-04-09 13:39:55,618 [main] INFO  org.apache.hadoop.yarn.client.RMProxy - Connecting to ResourceManager at winter2023-comp421-1.cs.mcgill.ca/132.206.51.211:8032
2023-04-09 13:39:55,621 [main] INFO  org.apache.hadoop.mapred.ClientServiceDelegate - Application state is completed. FinalApplicationStatus=SUCCEEDED. Redirecting to job history server
2023-04-09 13:39:55,650 [main] INFO  org.apache.hadoop.yarn.client.RMProxy - Connecting to ResourceManager at winter2023-comp421-1.cs.mcgill.ca/132.206.51.211:8032
2023-04-09 13:39:55,653 [main] INFO  org.apache.hadoop.mapred.ClientServiceDelegate - Application state is completed. FinalApplicationStatus=SUCCEEDED. Redirecting to job history server
2023-04-09 13:39:55,732 [main] INFO  org.apache.pig.tools.pigstats.mapreduce.MRScriptState - Pig script settings are added to the job
2023-04-09 13:39:55,733 [main] INFO  org.apache.pig.backend.hadoop.executionengine.mapReduceLayer.JobControlCompiler - mapred.job.reduce.markreset.buffer.percent is not set, set to default 0.3
2023-04-09 13:39:55,733 [main] INFO  org.apache.pig.backend.hadoop.executionengine.mapReduceLayer.JobControlCompiler - Reduce phase detected, estimating # of required reducers.
2023-04-09 13:39:55,733 [main] INFO  org.apache.pig.backend.hadoop.executionengine.mapReduceLayer.JobControlCompiler - Using reducer estimator: org.apache.pig.backend.hadoop.executionengine.mapReduceLayer.InputSizeReducerEstimator
2023-04-09 13:39:55,746 [main] INFO  org.apache.pig.backend.hadoop.executionengine.mapReduceLayer.InputSizeReducerEstimator - BytesPerReducer=1000000000 maxReducers=999 totalInputFileSize=644
2023-04-09 13:39:55,748 [main] INFO  org.apache.pig.backend.hadoop.executionengine.mapReduceLayer.JobControlCompiler - Setting Parallelism to 1
2023-04-09 13:39:55,748 [main] INFO  org.apache.pig.backend.hadoop.executionengine.mapReduceLayer.JobControlCompiler - This job cannot be converted run in-process
2023-04-09 13:39:55,803 [main] INFO  org.apache.pig.backend.hadoop.executionengine.mapReduceLayer.JobControlCompiler - Added jar file:/data/cs421/softwares/apache/pig-0.15.0/pig-0.15.0-core-h2.jar to DistributedCache through /tmp/temp1928667032/tmp83284740/pig-0.15.0-core-h2.jar
2023-04-09 13:39:55,822 [main] INFO  org.apache.pig.backend.hadoop.executionengine.mapReduceLayer.JobControlCompiler - Added jar file:/data/cs421/softwares/apache/pig-0.15.0/lib/automaton-1.11-8.jar to DistributedCache through /tmp/temp1928667032/tmp434475852/automaton-1.11-8.jar
2023-04-09 13:39:55,840 [main] INFO  org.apache.pig.backend.hadoop.executionengine.mapReduceLayer.JobControlCompiler - Added jar file:/data/cs421/softwares/apache/pig-0.15.0/lib/antlr-runtime-3.4.jar to DistributedCache through /tmp/temp1928667032/tmp-854387065/antlr-runtime-3.4.jar
2023-04-09 13:39:55,873 [main] INFO  org.apache.pig.backend.hadoop.executionengine.mapReduceLayer.JobControlCompiler - Added jar file:/data/cs421/softwares/apache/pig-0.15.0/lib/joda-time-2.5.jar to DistributedCache through /tmp/temp1928667032/tmp1446387828/joda-time-2.5.jar
2023-04-09 13:39:55,882 [main] INFO  org.apache.pig.backend.hadoop.executionengine.mapReduceLayer.JobControlCompiler - Setting up single store job
2023-04-09 13:39:55,883 [main] INFO  org.apache.pig.data.SchemaTupleFrontend - Key [pig.schematuple] is false, will not generate code.
2023-04-09 13:39:55,883 [main] INFO  org.apache.pig.data.SchemaTupleFrontend - Starting process to move generated code to distributed cacche
2023-04-09 13:39:55,883 [main] INFO  org.apache.pig.data.SchemaTupleFrontend - Setting key [pig.schematuple.classes] with classes to deserialize []
2023-04-09 13:39:55,900 [main] INFO  org.apache.pig.backend.hadoop.executionengine.mapReduceLayer.MapReduceLauncher - 1 map-reduce job(s) waiting for submission.
2023-04-09 13:39:55,902 [JobControl] INFO  org.apache.hadoop.yarn.client.RMProxy - Connecting to ResourceManager at winter2023-comp421-1.cs.mcgill.ca/132.206.51.211:8032
2023-04-09 13:39:55,907 [JobControl] INFO  org.apache.hadoop.conf.Configuration.deprecation - fs.default.name is deprecated. Instead, use fs.defaultFS
2023-04-09 13:39:55,915 [JobControl] WARN  org.apache.hadoop.mapreduce.JobResourceUploader - No job jar file set.  User classes may not be found. See Job or Job#setJar(String).
2023-04-09 13:39:55,942 [JobControl] INFO  org.apache.hadoop.mapreduce.lib.input.FileInputFormat - Total input paths to process : 1
2023-04-09 13:39:55,942 [JobControl] INFO  org.apache.pig.backend.hadoop.executionengine.util.MapRedUtil - Total input paths to process : 1
2023-04-09 13:39:55,942 [JobControl] INFO  org.apache.pig.backend.hadoop.executionengine.util.MapRedUtil - Total input paths (combined) to process : 1
2023-04-09 13:39:55,979 [JobControl] INFO  org.apache.hadoop.mapreduce.JobSubmitter - number of splits:1
2023-04-09 13:39:56,009 [JobControl] INFO  org.apache.hadoop.mapreduce.JobSubmitter - Submitting tokens for job: job_1680986559159_2419
2023-04-09 13:39:56,014 [JobControl] INFO  org.apache.hadoop.mapred.YARNRunner - Job jar is not present. Not adding any jar to the list of resources.
2023-04-09 13:39:56,032 [JobControl] INFO  org.apache.hadoop.yarn.client.api.impl.YarnClientImpl - Submitted application application_1680986559159_2419
2023-04-09 13:39:56,034 [JobControl] INFO  org.apache.hadoop.mapreduce.Job - The url to track the job: http://winter2023-comp421-1.cs.mcgill.ca:8088/proxy/application_1680986559159_2419/
2023-04-09 13:39:56,401 [main] INFO  org.apache.pig.backend.hadoop.executionengine.mapReduceLayer.MapReduceLauncher - HadoopJobId: job_1680986559159_2419
2023-04-09 13:39:56,401 [main] INFO  org.apache.pig.backend.hadoop.executionengine.mapReduceLayer.MapReduceLauncher - Processing aliases ordered
2023-04-09 13:39:56,401 [main] INFO  org.apache.pig.backend.hadoop.executionengine.mapReduceLayer.MapReduceLauncher - detailed locations: M: ordered[13,10] C:  R: 
2023-04-09 13:40:17,433 [main] INFO  org.apache.hadoop.mapred.ClientServiceDelegate - Application state is completed. FinalApplicationStatus=SUCCEEDED. Redirecting to job history server
2023-04-09 13:40:17,454 [main] INFO  org.apache.pig.backend.hadoop.executionengine.mapReduceLayer.MapReduceLauncher - 75% complete
2023-04-09 13:40:17,470 [main] INFO  org.apache.hadoop.yarn.client.RMProxy - Connecting to ResourceManager at winter2023-comp421-1.cs.mcgill.ca/132.206.51.211:8032
2023-04-09 13:40:17,474 [main] INFO  org.apache.hadoop.mapred.ClientServiceDelegate - Application state is completed. FinalApplicationStatus=SUCCEEDED. Redirecting to job history server
2023-04-09 13:40:17,525 [main] INFO  org.apache.hadoop.yarn.client.RMProxy - Connecting to ResourceManager at winter2023-comp421-1.cs.mcgill.ca/132.206.51.211:8032
2023-04-09 13:40:17,529 [main] INFO  org.apache.hadoop.mapred.ClientServiceDelegate - Application state is completed. FinalApplicationStatus=SUCCEEDED. Redirecting to job history server
2023-04-09 13:40:17,578 [main] INFO  org.apache.hadoop.yarn.client.RMProxy - Connecting to ResourceManager at winter2023-comp421-1.cs.mcgill.ca/132.206.51.211:8032
2023-04-09 13:40:17,588 [main] INFO  org.apache.hadoop.mapred.ClientServiceDelegate - Application state is completed. FinalApplicationStatus=SUCCEEDED. Redirecting to job history server
2023-04-09 13:40:17,636 [main] INFO  org.apache.pig.tools.pigstats.mapreduce.MRScriptState - Pig script settings are added to the job
2023-04-09 13:40:17,645 [main] INFO  org.apache.pig.backend.hadoop.executionengine.mapReduceLayer.JobControlCompiler - mapred.job.reduce.markreset.buffer.percent is not set, set to default 0.3
2023-04-09 13:40:17,646 [main] INFO  org.apache.pig.backend.hadoop.executionengine.mapReduceLayer.JobControlCompiler - Reduce phase detected, estimating # of required reducers.
2023-04-09 13:40:17,646 [main] INFO  org.apache.pig.backend.hadoop.executionengine.mapReduceLayer.JobControlCompiler - Setting Parallelism to 1
2023-04-09 13:40:17,646 [main] INFO  org.apache.pig.backend.hadoop.executionengine.mapReduceLayer.JobControlCompiler - This job cannot be converted run in-process
2023-04-09 13:40:17,699 [main] INFO  org.apache.pig.backend.hadoop.executionengine.mapReduceLayer.JobControlCompiler - Added jar file:/data/cs421/softwares/apache/pig-0.15.0/pig-0.15.0-core-h2.jar to DistributedCache through /tmp/temp1928667032/tmp1502259367/pig-0.15.0-core-h2.jar
2023-04-09 13:40:17,729 [main] INFO  org.apache.pig.backend.hadoop.executionengine.mapReduceLayer.JobControlCompiler - Added jar file:/data/cs421/softwares/apache/pig-0.15.0/lib/automaton-1.11-8.jar to DistributedCache through /tmp/temp1928667032/tmp-444502971/automaton-1.11-8.jar
2023-04-09 13:40:17,777 [main] INFO  org.apache.pig.backend.hadoop.executionengine.mapReduceLayer.JobControlCompiler - Added jar file:/data/cs421/softwares/apache/pig-0.15.0/lib/antlr-runtime-3.4.jar to DistributedCache through /tmp/temp1928667032/tmp282895574/antlr-runtime-3.4.jar
2023-04-09 13:40:17,810 [main] INFO  org.apache.pig.backend.hadoop.executionengine.mapReduceLayer.JobControlCompiler - Added jar file:/data/cs421/softwares/apache/pig-0.15.0/lib/joda-time-2.5.jar to DistributedCache through /tmp/temp1928667032/tmp682564332/joda-time-2.5.jar
2023-04-09 13:40:17,819 [main] INFO  org.apache.pig.backend.hadoop.executionengine.mapReduceLayer.JobControlCompiler - Setting up single store job
2023-04-09 13:40:17,819 [main] INFO  org.apache.pig.data.SchemaTupleFrontend - Key [pig.schematuple] is false, will not generate code.
2023-04-09 13:40:17,819 [main] INFO  org.apache.pig.data.SchemaTupleFrontend - Starting process to move generated code to distributed cacche
2023-04-09 13:40:17,819 [main] INFO  org.apache.pig.data.SchemaTupleFrontend - Setting key [pig.schematuple.classes] with classes to deserialize []
2023-04-09 13:40:17,842 [main] INFO  org.apache.pig.backend.hadoop.executionengine.mapReduceLayer.MapReduceLauncher - 1 map-reduce job(s) waiting for submission.
2023-04-09 13:40:17,849 [JobControl] INFO  org.apache.hadoop.yarn.client.RMProxy - Connecting to ResourceManager at winter2023-comp421-1.cs.mcgill.ca/132.206.51.211:8032
2023-04-09 13:40:17,858 [JobControl] INFO  org.apache.hadoop.conf.Configuration.deprecation - fs.default.name is deprecated. Instead, use fs.defaultFS
2023-04-09 13:40:17,868 [JobControl] WARN  org.apache.hadoop.mapreduce.JobResourceUploader - No job jar file set.  User classes may not be found. See Job or Job#setJar(String).
2023-04-09 13:40:17,899 [JobControl] INFO  org.apache.hadoop.mapreduce.lib.input.FileInputFormat - Total input paths to process : 1
2023-04-09 13:40:17,899 [JobControl] INFO  org.apache.pig.backend.hadoop.executionengine.util.MapRedUtil - Total input paths to process : 1
2023-04-09 13:40:17,899 [JobControl] INFO  org.apache.pig.backend.hadoop.executionengine.util.MapRedUtil - Total input paths (combined) to process : 1
2023-04-09 13:40:17,998 [JobControl] INFO  org.apache.hadoop.mapreduce.JobSubmitter - number of splits:1
2023-04-09 13:40:18,030 [JobControl] INFO  org.apache.hadoop.mapreduce.JobSubmitter - Submitting tokens for job: job_1680986559159_2421
2023-04-09 13:40:18,033 [JobControl] INFO  org.apache.hadoop.mapred.YARNRunner - Job jar is not present. Not adding any jar to the list of resources.
2023-04-09 13:40:18,065 [JobControl] INFO  org.apache.hadoop.yarn.client.api.impl.YarnClientImpl - Submitted application application_1680986559159_2421
2023-04-09 13:40:18,067 [JobControl] INFO  org.apache.hadoop.mapreduce.Job - The url to track the job: http://winter2023-comp421-1.cs.mcgill.ca:8088/proxy/application_1680986559159_2421/
2023-04-09 13:40:18,347 [main] INFO  org.apache.pig.backend.hadoop.executionengine.mapReduceLayer.MapReduceLauncher - HadoopJobId: job_1680986559159_2421
2023-04-09 13:40:18,347 [main] INFO  org.apache.pig.backend.hadoop.executionengine.mapReduceLayer.MapReduceLauncher - Processing aliases ordered
2023-04-09 13:40:18,347 [main] INFO  org.apache.pig.backend.hadoop.executionengine.mapReduceLayer.MapReduceLauncher - detailed locations: M: ordered[13,10] C:  R: 
2023-04-09 13:40:37,843 [main] INFO  org.apache.hadoop.mapred.ClientServiceDelegate - Application state is completed. FinalApplicationStatus=SUCCEEDED. Redirecting to job history server
2023-04-09 13:40:37,877 [main] INFO  org.apache.hadoop.yarn.client.RMProxy - Connecting to ResourceManager at winter2023-comp421-1.cs.mcgill.ca/132.206.51.211:8032
2023-04-09 13:40:37,881 [main] INFO  org.apache.hadoop.mapred.ClientServiceDelegate - Application state is completed. FinalApplicationStatus=SUCCEEDED. Redirecting to job history server
2023-04-09 13:40:37,921 [main] INFO  org.apache.hadoop.yarn.client.RMProxy - Connecting to ResourceManager at winter2023-comp421-1.cs.mcgill.ca/132.206.51.211:8032
2023-04-09 13:40:37,927 [main] INFO  org.apache.hadoop.mapred.ClientServiceDelegate - Application state is completed. FinalApplicationStatus=SUCCEEDED. Redirecting to job history server
2023-04-09 13:40:37,962 [main] INFO  org.apache.hadoop.yarn.client.RMProxy - Connecting to ResourceManager at winter2023-comp421-1.cs.mcgill.ca/132.206.51.211:8032
2023-04-09 13:40:37,966 [main] INFO  org.apache.hadoop.mapred.ClientServiceDelegate - Application state is completed. FinalApplicationStatus=SUCCEEDED. Redirecting to job history server
2023-04-09 13:40:37,995 [main] INFO  org.apache.pig.backend.hadoop.executionengine.mapReduceLayer.MapReduceLauncher - 100% complete
2023-04-09 13:40:38,017 [main] INFO  org.apache.pig.tools.pigstats.mapreduce.SimplePigStats - Script Statistics: 

HadoopVersion	PigVersion	UserId	StartedAt	FinishedAt	Features
2.7.2	0.15.0	cs421g200	2023-04-09 13:39:15	2023-04-09 13:40:38	HASH_JOIN,GROUP_BY,ORDER_BY,FILTER

Success!

Job Stats (time in seconds):
JobId	Maps	Reduces	MaxMapTime	MinMapTime	AvgMapTime	MedianMapTime	MaxReduceTime	MinReduceTime	AvgReduceTime	MedianReducetime	Alias	Feature	Outputs
job_1680986559159_2416	2	1	5	5	5	5	4	4	4	4	filtered,genres,joined,movies	HASH_JOIN	
job_1680986559159_2418	1	1	4	4	4	4	4	4	4	4	Grpd1,projection	GROUP_BY,COMBINER	
job_1680986559159_2419	1	1	5	5	5	5	4	4	4	4	ordered	SAMPLER	
job_1680986559159_2421	1	1	4	4	4	4	3	3	3	3	ordered	ORDER_BY	hdfs://winter2023-comp421-1.cs.mcgill.ca:9000/tmp/temp1928667032/tmp1130502003,

Input(s):
Successfully read 9120 records from: "/data/movies.csv"
Successfully read 20335 records from: "/data/moviegenres.csv"

Output(s):
Successfully stored 33 records (644 bytes) in: "hdfs://winter2023-comp421-1.cs.mcgill.ca:9000/tmp/temp1928667032/tmp1130502003"

Counters:
Total records written : 33
Total bytes written : 644
Spillable Memory Manager spill count : 0
Total bags proactively spilled: 0
Total records proactively spilled: 0

Job DAG:
job_1680986559159_2416	->	job_1680986559159_2418,
job_1680986559159_2418	->	job_1680986559159_2419,
job_1680986559159_2419	->	job_1680986559159_2421,
job_1680986559159_2421


2023-04-09 13:40:38,019 [main] INFO  org.apache.hadoop.yarn.client.RMProxy - Connecting to ResourceManager at winter2023-comp421-1.cs.mcgill.ca/132.206.51.211:8032
2023-04-09 13:40:38,022 [main] INFO  org.apache.hadoop.mapred.ClientServiceDelegate - Application state is completed. FinalApplicationStatus=SUCCEEDED. Redirecting to job history server
2023-04-09 13:40:38,060 [main] INFO  org.apache.hadoop.yarn.client.RMProxy - Connecting to ResourceManager at winter2023-comp421-1.cs.mcgill.ca/132.206.51.211:8032
2023-04-09 13:40:38,064 [main] INFO  org.apache.hadoop.mapred.ClientServiceDelegate - Application state is completed. FinalApplicationStatus=SUCCEEDED. Redirecting to job history server
2023-04-09 13:40:38,094 [main] INFO  org.apache.hadoop.yarn.client.RMProxy - Connecting to ResourceManager at winter2023-comp421-1.cs.mcgill.ca/132.206.51.211:8032
2023-04-09 13:40:38,097 [main] INFO  org.apache.hadoop.mapred.ClientServiceDelegate - Application state is completed. FinalApplicationStatus=SUCCEEDED. Redirecting to job history server
2023-04-09 13:40:38,135 [main] INFO  org.apache.hadoop.yarn.client.RMProxy - Connecting to ResourceManager at winter2023-comp421-1.cs.mcgill.ca/132.206.51.211:8032
2023-04-09 13:40:38,138 [main] INFO  org.apache.hadoop.mapred.ClientServiceDelegate - Application state is completed. FinalApplicationStatus=SUCCEEDED. Redirecting to job history server
2023-04-09 13:40:38,169 [main] INFO  org.apache.hadoop.yarn.client.RMProxy - Connecting to ResourceManager at winter2023-comp421-1.cs.mcgill.ca/132.206.51.211:8032
2023-04-09 13:40:38,171 [main] INFO  org.apache.hadoop.mapred.ClientServiceDelegate - Application state is completed. FinalApplicationStatus=SUCCEEDED. Redirecting to job history server
2023-04-09 13:40:38,210 [main] INFO  org.apache.hadoop.yarn.client.RMProxy - Connecting to ResourceManager at winter2023-comp421-1.cs.mcgill.ca/132.206.51.211:8032
2023-04-09 13:40:38,213 [main] INFO  org.apache.hadoop.mapred.ClientServiceDelegate - Application state is completed. FinalApplicationStatus=SUCCEEDED. Redirecting to job history server
2023-04-09 13:40:38,244 [main] INFO  org.apache.hadoop.yarn.client.RMProxy - Connecting to ResourceManager at winter2023-comp421-1.cs.mcgill.ca/132.206.51.211:8032
2023-04-09 13:40:38,247 [main] INFO  org.apache.hadoop.mapred.ClientServiceDelegate - Application state is completed. FinalApplicationStatus=SUCCEEDED. Redirecting to job history server
2023-04-09 13:40:38,278 [main] INFO  org.apache.hadoop.yarn.client.RMProxy - Connecting to ResourceManager at winter2023-comp421-1.cs.mcgill.ca/132.206.51.211:8032
2023-04-09 13:40:38,281 [main] INFO  org.apache.hadoop.mapred.ClientServiceDelegate - Application state is completed. FinalApplicationStatus=SUCCEEDED. Redirecting to job history server
2023-04-09 13:40:38,307 [main] INFO  org.apache.hadoop.yarn.client.RMProxy - Connecting to ResourceManager at winter2023-comp421-1.cs.mcgill.ca/132.206.51.211:8032
2023-04-09 13:40:38,309 [main] INFO  org.apache.hadoop.mapred.ClientServiceDelegate - Application state is completed. FinalApplicationStatus=SUCCEEDED. Redirecting to job history server
2023-04-09 13:40:38,343 [main] INFO  org.apache.hadoop.yarn.client.RMProxy - Connecting to ResourceManager at winter2023-comp421-1.cs.mcgill.ca/132.206.51.211:8032
2023-04-09 13:40:38,346 [main] INFO  org.apache.hadoop.mapred.ClientServiceDelegate - Application state is completed. FinalApplicationStatus=SUCCEEDED. Redirecting to job history server
2023-04-09 13:40:38,378 [main] INFO  org.apache.hadoop.yarn.client.RMProxy - Connecting to ResourceManager at winter2023-comp421-1.cs.mcgill.ca/132.206.51.211:8032
2023-04-09 13:40:38,381 [main] INFO  org.apache.hadoop.mapred.ClientServiceDelegate - Application state is completed. FinalApplicationStatus=SUCCEEDED. Redirecting to job history server
2023-04-09 13:40:38,410 [main] INFO  org.apache.hadoop.yarn.client.RMProxy - Connecting to ResourceManager at winter2023-comp421-1.cs.mcgill.ca/132.206.51.211:8032
2023-04-09 13:40:38,413 [main] INFO  org.apache.hadoop.mapred.ClientServiceDelegate - Application state is completed. FinalApplicationStatus=SUCCEEDED. Redirecting to job history server
2023-04-09 13:40:38,447 [main] INFO  org.apache.pig.backend.hadoop.executionengine.mapReduceLayer.MapReduceLauncher - Success!
2023-04-09 13:40:38,450 [main] INFO  org.apache.hadoop.conf.Configuration.deprecation - fs.default.name is deprecated. Instead, use fs.defaultFS
2023-04-09 13:40:38,451 [main] INFO  org.apache.pig.data.SchemaTupleBackend - Key [pig.schematuple] was not set... will not generate code.
2023-04-09 13:40:38,456 [main] INFO  org.apache.hadoop.mapreduce.lib.input.FileInputFormat - Total input paths to process : 1
2023-04-09 13:40:38,456 [main] INFO  org.apache.pig.backend.hadoop.executionengine.util.MapRedUtil - Total input paths to process : 1
((no genres listed),2015,6)
((no genres listed),2016,1)
(Action,2015,40)
(Action,2016,25)
(Adventure,2015,29)
(Adventure,2016,18)
(Animation,2015,9)
(Animation,2016,7)
(Children,2015,10)
(Children,2016,2)
(Comedy,2015,61)
(Comedy,2016,19)
(Crime,2015,19)
(Crime,2016,6)
(Documentary,2015,15)
(Documentary,2016,3)
(Drama,2015,71)
(Drama,2016,18)
(Fantasy,2015,13)
(Fantasy,2016,7)
(Horror,2015,19)
(Horror,2016,8)
(IMAX,2015,1)
(Mystery,2015,8)
(Mystery,2016,3)
(Romance,2015,12)
(Romance,2016,6)
(Sci-Fi,2015,23)
(Sci-Fi,2016,15)
(Thriller,2015,44)
(Thriller,2016,17)
(War,2015,2)
(Western,2015,3)
2023-04-09 13:40:38,542 [main] INFO  org.apache.pig.Main - Pig script completed in 1 minute, 25 seconds and 784 milliseconds (85784 ms)
